<?xml version="1.0" encoding="UTF-8"?>
<testng-results skipped="0" failed="0" ignored="0" total="2" passed="2">
  <reporter-output>
  </reporter-output>
  <suite name="Suite" duration-ms="44522" started-at="2019-02-02T14:36:39Z" finished-at="2019-02-02T14:37:23Z">
    <groups>
    </groups>
    <test name="Test" duration-ms="44522" started-at="2019-02-02T14:36:39Z" finished-at="2019-02-02T14:37:23Z">
      <class name="testSuit.DriverScript">
        <test-method status="PASS" signature="beforeClass()[pri:0, instance:testSuit.DriverScript@3224f60b]" name="beforeClass" is-config="true" duration-ms="328" started-at="2019-02-02T14:36:39Z" finished-at="2019-02-02T14:36:39Z">
          <reporter-output>
          </reporter-output>
        </test-method> <!-- beforeClass -->
        <test-method status="PASS" signature="setUp(java.lang.String, org.testng.ITestResult)[pri:0, instance:testSuit.DriverScript@3224f60b]" name="setUp" is-config="true" duration-ms="11398" started-at="2019-02-02T14:36:39Z" finished-at="2019-02-02T14:36:51Z">
          <params>
            <param index="0">
              <value>
                <![CDATA[chrome]]>
              </value>
            </param>
            <param index="1">
              <value>
                <![CDATA[[TestResult name=Test_1010 status=SUCCESS method=DriverScript.Test_1010()[pri:0, instance:testSuit.DriverScript@3224f60b] output={null}]]]>
              </value>
            </param>
          </params>
          <reporter-output>
          </reporter-output>
        </test-method> <!-- setUp -->
        <test-method status="PASS" signature="Test_1010()[pri:0, instance:testSuit.DriverScript@3224f60b]" name="Test_1010" duration-ms="9240" started-at="2019-02-02T14:36:51Z" finished-at="2019-02-02T14:37:00Z">
          <reporter-output>
          </reporter-output>
        </test-method> <!-- Test_1010 -->
        <test-method status="PASS" signature="tearDown(org.testng.ITestResult)[pri:0, instance:testSuit.DriverScript@3224f60b]" name="tearDown" is-config="true" duration-ms="1313" started-at="2019-02-02T14:37:00Z" finished-at="2019-02-02T14:37:01Z">
          <params>
            <param index="0">
              <value>
                <![CDATA[[TestResult name=Test_1010 status=SUCCESS method=DriverScript.Test_1010()[pri:0, instance:testSuit.DriverScript@3224f60b] output={null}]]]>
              </value>
            </param>
          </params>
          <reporter-output>
          </reporter-output>
        </test-method> <!-- tearDown -->
        <test-method status="PASS" signature="setUp(java.lang.String, org.testng.ITestResult)[pri:0, instance:testSuit.DriverScript@3224f60b]" name="setUp" is-config="true" duration-ms="9576" started-at="2019-02-02T14:37:01Z" finished-at="2019-02-02T14:37:11Z">
          <params>
            <param index="0">
              <value>
                <![CDATA[chrome]]>
              </value>
            </param>
            <param index="1">
              <value>
                <![CDATA[[TestResult name=Test_1011 status=SUCCESS method=DriverScript.Test_1011()[pri:0, instance:testSuit.DriverScript@3224f60b] output={null}]]]>
              </value>
            </param>
          </params>
          <reporter-output>
          </reporter-output>
        </test-method> <!-- setUp -->
        <test-method status="PASS" signature="Test_1011()[pri:0, instance:testSuit.DriverScript@3224f60b]" name="Test_1011" duration-ms="10513" started-at="2019-02-02T14:37:11Z" finished-at="2019-02-02T14:37:21Z">
          <reporter-output>
          </reporter-output>
        </test-method> <!-- Test_1011 -->
        <test-method status="PASS" signature="tearDown(org.testng.ITestResult)[pri:0, instance:testSuit.DriverScript@3224f60b]" name="tearDown" is-config="true" duration-ms="1324" started-at="2019-02-02T14:37:21Z" finished-at="2019-02-02T14:37:23Z">
          <params>
            <param index="0">
              <value>
                <![CDATA[[TestResult name=Test_1011 status=SUCCESS method=DriverScript.Test_1011()[pri:0, instance:testSuit.DriverScript@3224f60b] output={null}]]]>
              </value>
            </param>
          </params>
          <reporter-output>
          </reporter-output>
        </test-method> <!-- tearDown -->
        <test-method status="PASS" signature="afterClass()[pri:0, instance:testSuit.DriverScript@3224f60b]" name="afterClass" is-config="true" duration-ms="780" started-at="2019-02-02T14:37:23Z" finished-at="2019-02-02T14:37:23Z">
          <reporter-output>
          </reporter-output>
        </test-method> <!-- afterClass -->
      </class> <!-- testSuit.DriverScript -->
    </test> <!-- Test -->
  </suite> <!-- Suite -->
</testng-results>
