<?xml version="1.0" encoding="UTF-8"?>
<testng-results skipped="0" failed="0" ignored="0" total="1" passed="1">
  <reporter-output>
  </reporter-output>
  <suite name="Default suite" duration-ms="56290" started-at="2019-01-08T16:30:43Z" finished-at="2019-01-08T16:31:39Z">
    <groups>
    </groups>
    <test name="Default test" duration-ms="56290" started-at="2019-01-08T16:30:43Z" finished-at="2019-01-08T16:31:39Z">
      <class name="testcases.DriverScript">
        <test-method status="PASS" signature="function()[pri:0, instance:testcases.DriverScript@5ed828d]" name="function" duration-ms="56167" started-at="2019-01-08T16:30:43Z" finished-at="2019-01-08T16:31:39Z">
          <reporter-output>
          </reporter-output>
        </test-method> <!-- function -->
      </class> <!-- testcases.DriverScript -->
    </test> <!-- Default test -->
  </suite> <!-- Default suite -->
</testng-results>
